Build started 7/18/2013 11:57:39 AM.
Project "\\vmware-host\Shared Folders\data\git_repos\splunk-sdk-java\launchers\shim\shim\shim.vcxproj" on node 2 (Rebuild target(s)).
ClCompile:
  C:\Program Files (x86)\Microsoft Visual Studio 11.0\VC\bin\x86_amd64\CL.exe /c /Zi /nologo /W3 /WX- /sdl /O2 /Oi /GL /D WIN32 /D NDEBUG /D _CONSOLE /D _UNICODE /D UNICODE /Gm- /EHsc /MD /GS /Gy /fp:precise /Zc:wchar_t /Zc:forScope /Yc"stdafx.h" /Fp"x64\Release\shim.pch" /Fo"x64\Release\\" /Fd"x64\Release\vc110.pdb" /Gd /TP /errorReport:prompt stdafx.cpp
  stdafx.cpp
  C:\Program Files (x86)\Microsoft Visual Studio 11.0\VC\bin\x86_amd64\CL.exe /c /Zi /nologo /W3 /WX- /sdl /O2 /Oi /GL /D WIN32 /D NDEBUG /D _CONSOLE /D _UNICODE /D UNICODE /Gm- /EHsc /MD /GS /Gy /fp:precise /Zc:wchar_t /Zc:forScope /Yu"stdafx.h" /Fp"x64\Release\shim.pch" /Fo"x64\Release\\" /Fd"x64\Release\vc110.pdb" /Gd /TP /errorReport:prompt shim.cpp
  shim.cpp
shim.cpp(121): warning C4101: 'nBytesWritten' : unreferenced local variable
shim.cpp(144): warning C4267: 'initializing' : conversion from 'size_t' to 'DWORD', possible loss of data
shim.cpp(158): warning C4101: 'fileInformation' : unreferenced local variable
shim.cpp(320): warning C4267: '=' : conversion from 'size_t' to 'DWORD', possible loss of data
Link:
  C:\Program Files (x86)\Microsoft Visual Studio 11.0\VC\bin\x86_amd64\link.exe /ERRORREPORT:PROMPT /OUT:"\\vmware-host\Shared Folders\data\git_repos\splunk-sdk-java\launchers\shim\x64\Release\shim.exe" /INCREMENTAL:NO /NOLOGO kernel32.lib user32.lib gdi32.lib winspool.lib comdlg32.lib advapi32.lib shell32.lib ole32.lib oleaut32.lib uuid.lib odbc32.lib odbccp32.lib /MANIFEST /MANIFESTUAC:"level='asInvoker' uiAccess='false'" /manifest:embed /DEBUG /PDB:"\\vmware-host\Shared Folders\data\git_repos\splunk-sdk-java\launchers\shim\x64\Release\shim.pdb" /SUBSYSTEM:CONSOLE /OPT:REF /OPT:ICF /LTCG /TLBID:1 /DYNAMICBASE /NXCOMPAT /IMPLIB:"\\vmware-host\Shared Folders\data\git_repos\splunk-sdk-java\launchers\shim\x64\Release\shim.lib" /MACHINE:X64 x64\Release\shim.obj
  x64\Release\stdafx.obj
  Generating code
  Finished generating code
  shim.vcxproj -> \\vmware-host\Shared Folders\data\git_repos\splunk-sdk-java\launchers\shim\x64\Release\shim.exe
Done Building Project "\\vmware-host\Shared Folders\data\git_repos\splunk-sdk-java\launchers\shim\shim\shim.vcxproj" (Rebuild target(s)).

Build succeeded.

Time Elapsed 00:00:02.15
